<?xml version="1.0" encoding="UTF-8"?>
<testng-results ignored="0" total="2" passed="2" failed="0" skipped="0">
  <reporter-output>
  </reporter-output>
  <suite started-at="2023-03-31T12:00:43 IST" name="Default suite" finished-at="2023-03-31T12:00:59 IST" duration-ms="15545">
    <groups>
    </groups>
    <test started-at="2023-03-31T12:00:43 IST" name="Default test" finished-at="2023-03-31T12:00:59 IST" duration-ms="15545">
      <class name="testcases.ProductPriceTestCase">
        <test-method is-config="true" signature="setup()[pri:0, instance:testcases.ProductPriceTestCase@40ef3420]" started-at="2023-03-31T12:00:43 IST" name="setup" finished-at="2023-03-31T12:00:49 IST" duration-ms="5425" status="PASS">
          <reporter-output>
          </reporter-output>
        </test-method> <!-- setup -->
        <test-method signature="verifyHighestPrice()[pri:0, instance:testcases.ProductPriceTestCase@40ef3420]" started-at="2023-03-31T12:00:49 IST" name="verifyHighestPrice" finished-at="2023-03-31T12:00:53 IST" duration-ms="4628" status="PASS">
          <reporter-output>
          </reporter-output>
        </test-method> <!-- verifyHighestPrice -->
        <test-method signature="verifyLowestPrice()[pri:0, instance:testcases.ProductPriceTestCase@40ef3420]" started-at="2023-03-31T12:00:53 IST" name="verifyLowestPrice" finished-at="2023-03-31T12:00:57 IST" duration-ms="4311" status="PASS">
          <reporter-output>
          </reporter-output>
        </test-method> <!-- verifyLowestPrice -->
        <test-method is-config="true" signature="tear()[pri:0, instance:testcases.ProductPriceTestCase@40ef3420]" started-at="2023-03-31T12:00:57 IST" name="tear" finished-at="2023-03-31T12:00:59 IST" duration-ms="1138" status="PASS">
          <reporter-output>
          </reporter-output>
        </test-method> <!-- tear -->
      </class> <!-- testcases.ProductPriceTestCase -->
    </test> <!-- Default test -->
  </suite> <!-- Default suite -->
</testng-results>
