<?xml version="1.0" encoding="UTF-8"?>
<!-- Generated by org.testng.reporters.JUnitXMLReporter -->
<testsuite ignored="0" hostname="LAPTOP-KJ2IMOL1" failures="1" tests="1" name="Test" time="9.214" errors="0" timestamp="2023-03-26T15:28:05 IST">
  <testcase classname="testcases.LoginTestCases" name="verifyPositiveLoginLogout" time="3.448">
    <failure type="java.lang.AssertionError" message="expected [true] but found [false]">
      <![CDATA[java.lang.AssertionError: expected [true] but found [false]
at testcases.LoginTestCases.verifyPositiveLoginLogout(LoginTestCases.java:72)
at java.base/java.util.ArrayList.forEach(ArrayList.java:1511)
... Removed 31 stack frames]]>
    </failure>
  </testcase> <!-- verifyPositiveLoginLogout -->
</testsuite> <!-- Test -->
